<?xml version="1.0" encoding="UTF-8"?>
<!-- Generated by org.testng.reporters.JUnitReportReporter -->
<testsuite name="com.framework.testcases.TC_001_ValidateWebServiceMethods" tests="5" time="6.586" ignored="0" failures="0" timestamp="25 Jun 2020 09:15:29 GMT" skipped="2" hostname="DESKTOP-8FKLJ50" errors="0">
  <testcase name="checks_APIs" time="0.174" classname="com.framework.testcases.TC_001_ValidateWebServiceMethods">
    <skipped/>
  </testcase> <!-- checks_APIs -->
  <testcase name="checks_APIs" time="1.133" classname="com.framework.testcases.TC_001_ValidateWebServiceMethods"/>
  <testcase name="checks_APIs" time="0.233" classname="com.framework.testcases.TC_001_ValidateWebServiceMethods">
    <skipped/>
  </testcase> <!-- checks_APIs -->
  <testcase name="checks_APIs" time="0.708" classname="com.framework.testcases.TC_001_ValidateWebServiceMethods"/>
  <testcase name="checks_APIs" time="4.338" classname="com.framework.testcases.TC_001_ValidateWebServiceMethods"/>
</testsuite> <!-- com.framework.testcases.TC_001_ValidateWebServiceMethods -->
