<?xml version="1.0" encoding="UTF-8"?>
<!-- Generated by org.testng.reporters.JUnitReportReporter -->
<testsuite name="com.framework.httpmethods.GetDetailsTest" tests="1" time="4.278" ignored="0" failures="0" timestamp="22 Jun 2020 11:49:00 GMT" skipped="0" hostname="DESKTOP-8FKLJ50" errors="0">
  <testcase name="getDetailsURLs" time="4.278" classname="com.framework.httpmethods.GetDetailsTest"/>
</testsuite> <!-- com.framework.httpmethods.GetDetailsTest -->
