<?xml version="1.0" encoding="UTF-8"?>
<!-- Generated by org.testng.reporters.JUnitReportReporter -->
<testsuite name="com.framework.testcases.Xlsutil" tests="5" time="0.030" ignored="0" failures="0" timestamp="29 Jun 2020 12:23:49 GMT" skipped="0" hostname="DESKTOP-8FKLJ50" errors="0">
  <testcase name="API_check" time="0.005" classname="com.framework.testcases.Xlsutil"/>
  <testcase name="API_check" time="0.019" classname="com.framework.testcases.Xlsutil"/>
  <testcase name="API_check" time="0.003" classname="com.framework.testcases.Xlsutil"/>
  <testcase name="API_check" time="0.002" classname="com.framework.testcases.Xlsutil"/>
  <testcase name="API_check" time="0.001" classname="com.framework.testcases.Xlsutil"/>
</testsuite> <!-- com.framework.testcases.Xlsutil -->
