<?xml version="1.0" encoding="UTF-8"?>
<!-- Generated by org.testng.reporters.JUnitReportReporter -->
<testsuite name="com.framework.testcases.TC_001_ValidateWebServiceOfMethods" tests="5" time="29.853" ignored="0" failures="0" timestamp="02 Jul 2020 08:57:49 GMT" skipped="0" hostname="DESKTOP-8FKLJ50" errors="0">
  <testcase name="checks_APIs" time="6.882" classname="com.framework.testcases.TC_001_ValidateWebServiceOfMethods"/>
  <testcase name="checks_APIs" time="3.474" classname="com.framework.testcases.TC_001_ValidateWebServiceOfMethods"/>
  <testcase name="checks_APIs" time="5.434" classname="com.framework.testcases.TC_001_ValidateWebServiceOfMethods"/>
  <testcase name="checks_APIs" time="3.569" classname="com.framework.testcases.TC_001_ValidateWebServiceOfMethods"/>
  <testcase name="checks_APIs" time="10.494" classname="com.framework.testcases.TC_001_ValidateWebServiceOfMethods"/>
</testsuite> <!-- com.framework.testcases.TC_001_ValidateWebServiceOfMethods -->
